c:\users\ahmed\source\repos\test repo\assassin's redemption\x64\debug\vc142.pdb
c:\users\ahmed\source\repos\test repo\assassin's redemption\x64\debug\vc142.idb
c:\users\ahmed\source\repos\test repo\assassin's redemption\x64\debug\weapon.obj
c:\users\ahmed\source\repos\test repo\assassin's redemption\x64\debug\wall.obj
c:\users\ahmed\source\repos\test repo\assassin's redemption\x64\debug\uzi.obj
c:\users\ahmed\source\repos\test repo\assassin's redemption\x64\debug\shotgun.obj
c:\users\ahmed\source\repos\test repo\assassin's redemption\x64\debug\player.obj
c:\users\ahmed\source\repos\test repo\assassin's redemption\x64\debug\pistol.obj
c:\users\ahmed\source\repos\test repo\assassin's redemption\x64\debug\main.obj
c:\users\ahmed\source\repos\test repo\assassin's redemption\x64\debug\game.obj
c:\users\ahmed\source\repos\test repo\assassin's redemption\x64\debug\enemy.obj
c:\users\ahmed\source\repos\test repo\assassin's redemption\x64\debug\doors.obj
c:\users\ahmed\source\repos\test repo\assassin's redemption\x64\debug\bullet.obj
c:\users\ahmed\source\repos\test repo\assassin's redemption\x64\debug\assassin's redemption.ilk
c:\users\ahmed\source\repos\test repo\assassin's redemption\x64\debug\assassin's redemption.exe
c:\users\ahmed\source\repos\test repo\assassin's redemption\x64\debug\assassin's redemption.pdb
c:\users\ahmed\source\repos\test repo\assassin's redemption\x64\debug\assassin.3bd6568d.tlog\cl.command.1.tlog
c:\users\ahmed\source\repos\test repo\assassin's redemption\x64\debug\assassin.3bd6568d.tlog\cl.read.1.tlog
c:\users\ahmed\source\repos\test repo\assassin's redemption\x64\debug\assassin.3bd6568d.tlog\cl.write.1.tlog
c:\users\ahmed\source\repos\test repo\assassin's redemption\x64\debug\assassin.3bd6568d.tlog\link.command.1.tlog
c:\users\ahmed\source\repos\test repo\assassin's redemption\x64\debug\assassin.3bd6568d.tlog\link.read.1.tlog
c:\users\ahmed\source\repos\test repo\assassin's redemption\x64\debug\assassin.3bd6568d.tlog\link.write.1.tlog
