c:\users\ahmed\source\repos\test repo\assassin's redemption\release\assassin's redemption.ipdb
c:\users\ahmed\source\repos\test repo\assassin's redemption\release\assassin's redemption.iobj
c:\users\ahmed\source\repos\test repo\assassin's redemption\release\vc142.pdb
c:\users\ahmed\source\repos\test repo\assassin's redemption\release\weapon.obj
c:\users\ahmed\source\repos\test repo\assassin's redemption\release\wall.obj
c:\users\ahmed\source\repos\test repo\assassin's redemption\release\uzi.obj
c:\users\ahmed\source\repos\test repo\assassin's redemption\release\shotgun.obj
c:\users\ahmed\source\repos\test repo\assassin's redemption\release\player.obj
c:\users\ahmed\source\repos\test repo\assassin's redemption\release\pistol.obj
c:\users\ahmed\source\repos\test repo\assassin's redemption\release\main.obj
c:\users\ahmed\source\repos\test repo\assassin's redemption\release\game.obj
c:\users\ahmed\source\repos\test repo\assassin's redemption\release\enemy.obj
c:\users\ahmed\source\repos\test repo\assassin's redemption\release\doors.obj
c:\users\ahmed\source\repos\test repo\assassin's redemption\release\bullet.obj
c:\users\ahmed\source\repos\test repo\assassin's redemption\release\assassin's redemption.exe
c:\users\ahmed\source\repos\test repo\assassin's redemption\release\assassin's redemption.pdb
c:\users\ahmed\source\repos\test repo\assassin's redemption\release\assassin.3bd6568d.tlog\assassin's redemption.write.1u.tlog
c:\users\ahmed\source\repos\test repo\assassin's redemption\release\assassin.3bd6568d.tlog\cl.command.1.tlog
c:\users\ahmed\source\repos\test repo\assassin's redemption\release\assassin.3bd6568d.tlog\cl.read.1.tlog
c:\users\ahmed\source\repos\test repo\assassin's redemption\release\assassin.3bd6568d.tlog\cl.write.1.tlog
c:\users\ahmed\source\repos\test repo\assassin's redemption\release\assassin.3bd6568d.tlog\link.command.1.tlog
c:\users\ahmed\source\repos\test repo\assassin's redemption\release\assassin.3bd6568d.tlog\link.read.1.tlog
c:\users\ahmed\source\repos\test repo\assassin's redemption\release\assassin.3bd6568d.tlog\link.write.1.tlog
