d:\projects c++\sfml-game\assassin's redemption\debug\vc142.pdb
d:\projects c++\sfml-game\assassin's redemption\debug\vc142.idb
d:\projects c++\sfml-game\assassin's redemption\debug\weapon.obj
d:\projects c++\sfml-game\assassin's redemption\debug\wall.obj
d:\projects c++\sfml-game\assassin's redemption\debug\pistol.obj
d:\projects c++\sfml-game\assassin's redemption\debug\enemy.obj
d:\projects c++\sfml-game\assassin's redemption\debug\bullet.obj
d:\projects c++\sfml-game\assassin's redemption\debug\main.obj
d:\projects c++\sfml-game\assassin's redemption\debug\game.obj
d:\projects c++\sfml-game\assassin's redemption\debug\player.obj
c:\users\qasim\appdata\local\temp\_cl_210c97d8ex
c:\users\qasim\appdata\local\temp\_cl_210c97d8sy
c:\users\qasim\appdata\local\temp\_cl_210c97d8gl
c:\users\qasim\appdata\local\temp\_cl_210c97d8in
c:\users\qasim\appdata\local\temp\_cl_210c97d8db
c:\users\qasim\appdata\local\temp\_cl_39a90c5bex
c:\users\qasim\appdata\local\temp\_cl_39a90c5bsy
c:\users\qasim\appdata\local\temp\_cl_39a90c5bgl
c:\users\qasim\appdata\local\temp\_cl_39a90c5bin
c:\users\qasim\appdata\local\temp\_cl_39a90c5bdb
c:\users\qasim\appdata\local\temp\_cl_2a5877a2ex
c:\users\qasim\appdata\local\temp\_cl_2a5877a2sy
c:\users\qasim\appdata\local\temp\_cl_2a5877a2gl
c:\users\qasim\appdata\local\temp\_cl_2a5877a2in
c:\users\qasim\appdata\local\temp\_cl_2a5877a2db
c:\users\qasim\appdata\local\temp\{6e8061ef-8776-4658-98ee-b36c2a4620dd}
d:\projects c++\sfml-game\assassin's redemption\debug\assassin's redemption.exe
d:\projects c++\sfml-game\assassin's redemption\debug\assassin's redemption.ilk
d:\projects c++\sfml-game\assassin's redemption\debug\assassin's redemption.pdb
d:\projects c++\sfml-game\assassin's redemption\debug\assassin.3bd6568d.tlog\cl.command.1.tlog
d:\projects c++\sfml-game\assassin's redemption\debug\assassin.3bd6568d.tlog\cl.read.1.tlog
d:\projects c++\sfml-game\assassin's redemption\debug\assassin.3bd6568d.tlog\cl.write.1.tlog
d:\projects c++\sfml-game\assassin's redemption\debug\assassin.3bd6568d.tlog\link.command.1.tlog
d:\projects c++\sfml-game\assassin's redemption\debug\assassin.3bd6568d.tlog\link.read.1.tlog
d:\projects c++\sfml-game\assassin's redemption\debug\assassin.3bd6568d.tlog\link.write.1.tlog
